0 info it worked if it ends with ok
1 verbose cli [ '/usr/bin/nodejs', '/usr/bin/npm', 'start' ]
2 info using npm@3.5.2
3 info using node@v4.2.6
4 verbose run-script [ 'prestart', 'start', 'poststart' ]
5 info lifecycle @coreui/coreui-free-react-admin-template@2.0.6~prestart: @coreui/coreui-free-react-admin-template@2.0.6
6 silly lifecycle @coreui/coreui-free-react-admin-template@2.0.6~prestart: no script for prestart, continuing
7 info lifecycle @coreui/coreui-free-react-admin-template@2.0.6~start: @coreui/coreui-free-react-admin-template@2.0.6
8 verbose lifecycle @coreui/coreui-free-react-admin-template@2.0.6~start: unsafe-perm in lifecycle true
9 verbose lifecycle @coreui/coreui-free-react-admin-template@2.0.6~start: PATH: /usr/share/npm/bin/node-gyp-bin:/home/dev/Downloads/DocManager/node_modules/.bin:/home/dev/bin:/home/dev/.local/bin:/usr/local/sbin:/usr/local/bin:/usr/sbin:/usr/bin:/sbin:/bin:/usr/games:/usr/local/games:/snap/bin
10 verbose lifecycle @coreui/coreui-free-react-admin-template@2.0.6~start: CWD: /home/dev/Downloads/DocManager
11 silly lifecycle @coreui/coreui-free-react-admin-template@2.0.6~start: Args: [ '-c', 'npm-run-all -p watch-css start-js' ]
12 info lifecycle @coreui/coreui-free-react-admin-template@2.0.6~start: Failed to exec start script
13 verbose stack Error: @coreui/coreui-free-react-admin-template@2.0.6 start: `npm-run-all -p watch-css start-js`
13 verbose stack spawn ENOENT
13 verbose stack     at ChildProcess.<anonymous> (/usr/share/npm/lib/utils/spawn.js:17:16)
13 verbose stack     at emitTwo (events.js:87:13)
13 verbose stack     at ChildProcess.emit (events.js:172:7)
13 verbose stack     at maybeClose (internal/child_process.js:821:16)
13 verbose stack     at Process.ChildProcess._handle.onexit (internal/child_process.js:211:5)
14 verbose pkgid @coreui/coreui-free-react-admin-template@2.0.6
15 verbose cwd /home/dev/Downloads/DocManager
16 error Linux 4.4.0-31-generic
17 error argv "/usr/bin/nodejs" "/usr/bin/npm" "start"
18 error node v4.2.6
19 error npm  v3.5.2
20 error file sh
21 error code ELIFECYCLE
22 error errno ENOENT
23 error syscall spawn
24 error @coreui/coreui-free-react-admin-template@2.0.6 start: `npm-run-all -p watch-css start-js`
24 error spawn ENOENT
25 error Failed at the @coreui/coreui-free-react-admin-template@2.0.6 start script 'npm-run-all -p watch-css start-js'.
25 error Make sure you have the latest version of node.js and npm installed.
25 error If you do, this is most likely a problem with the @coreui/coreui-free-react-admin-template package,
25 error not with npm itself.
25 error Tell the author that this fails on your system:
25 error     npm-run-all -p watch-css start-js
25 error You can get information on how to open an issue for this project with:
25 error     npm bugs @coreui/coreui-free-react-admin-template
25 error Or if that isn't available, you can get their info via:
25 error     npm owner ls @coreui/coreui-free-react-admin-template
25 error There is likely additional logging output above.
26 verbose exit [ 1, true ]
